This is pdfTeX, Version 3.141592653-2.6-1.40.22 (TeX Live 2022/dev/Debian) (preloaded format=pdflatex 2023.10.17)  17 OCT 2023 10:46
entering extended mode
 restricted \write18 enabled.
 file:line:error style messages enabled.
 %&-line parsing enabled.
**/home/mshsvnv/Desktop/AA_5_sem/lab_01/report/report
(/home/mshsvnv/Desktop/AA_5_sem/lab_01/report/report.tex
LaTeX2e <2021-11-15> patch level 1
L3 programming layer <2022-01-21>

! LaTeX Error: File `extreport.cls' not found.

Type X to quit or <RETURN> to proceed,
or enter new name. (Default extension: cls)

Enter file name: 
/home/mshsvnv/Desktop/AA_5_sem/lab_01/report/report.tex:2: Emergency stop.
<read *> 
         
l.2 ^^M
       
*** (cannot \read from terminal in nonstop modes)

 
Here is how much of TeX's memory you used:
 24 strings out of 480247
 624 string characters out of 5896150
 283961 words of memory out of 5000000
 18065 multiletter control sequences out of 15000+600000
 469259 words of font info for 28 fonts, out of 8000000 for 9000
 14 hyphenation exceptions out of 8191
 19i,0n,29p,142b,17s stack positions out of 5000i,500n,10000p,200000b,80000s
/home/mshsvnv/Desktop/AA_5_sem/lab_01/report/report.tex:2:  ==> Fatal error occurred, no output PDF file produced!
